
**** Build of configuration Default for project OpenCV Sample - native-activity ****

/ndk-build.cmd 

Cannot run program "/ndk-build.cmd": Unknown reason
Error: Program "/ndk-build.cmd" is not found in PATH

PATH=[/usr/local/sbin:/usr/local/bin:/usr/sbin:/usr/bin:/sbin:/bin:/usr/games:/usr/local/games]

**** Build Finished ****

**** Build of configuration Default for project OpenCV Sample - face-detection ****

/ndk-build.cmd 

Cannot run program "/ndk-build.cmd": Unknown reason
Error: Program "/ndk-build.cmd" is not found in PATH

PATH=[/usr/local/sbin:/usr/local/bin:/usr/sbin:/usr/bin:/sbin:/bin:/usr/games:/usr/local/games]

**** Build Finished ****

**** Build of configuration Default for project OpenCV Tutorial 2 - Mixed Processing ****

/ndk-build.cmd 

Cannot run program "/ndk-build.cmd": Unknown reason
Error: Program "/ndk-build.cmd" is not found in PATH

PATH=[/usr/local/sbin:/usr/local/bin:/usr/sbin:/usr/bin:/sbin:/bin:/usr/games:/usr/local/games]

**** Build Finished ****

**** Build of configuration Default for project OpenCV Sample - face-detection ****

/ndk-build.cmd 

Cannot run program "/ndk-build.cmd": Unknown reason
Error: Program "/ndk-build.cmd" is not found in PATH

PATH=[/usr/local/sbin:/usr/local/bin:/usr/sbin:/usr/bin:/sbin:/bin:/usr/games:/usr/local/games]

**** Build Finished ****

**** Build of configuration Default for project OpenCV Sample - native-activity ****

/ndk-build.cmd 

Cannot run program "/ndk-build.cmd": Unknown reason
Error: Program "/ndk-build.cmd" is not found in PATH

PATH=[/usr/local/sbin:/usr/local/bin:/usr/sbin:/usr/bin:/sbin:/bin:/usr/games:/usr/local/games]

**** Build Finished ****

**** Build of configuration Default for project OpenCV Tutorial 2 - Mixed Processing ****

/ndk-build.cmd 

Cannot run program "/ndk-build.cmd": Unknown reason
Error: Program "/ndk-build.cmd" is not found in PATH

PATH=[/usr/local/sbin:/usr/local/bin:/usr/sbin:/usr/bin:/sbin:/bin:/usr/games:/usr/local/games]

**** Build Finished ****

**** Build of configuration Default for project OpenCV Sample - face-detection ****

/ndk-build.cmd 

Cannot run program "/ndk-build.cmd": Unknown reason
Error: Program "/ndk-build.cmd" is not found in PATH

PATH=[/usr/local/sbin:/usr/local/bin:/usr/sbin:/usr/bin:/sbin:/bin:/usr/games:/usr/local/games]

**** Build Finished ****

**** Build of configuration Default for project OpenCV Sample - native-activity ****

/ndk-build.cmd 

Cannot run program "/ndk-build.cmd": Unknown reason
Error: Program "/ndk-build.cmd" is not found in PATH

PATH=[/usr/local/sbin:/usr/local/bin:/usr/sbin:/usr/bin:/sbin:/bin:/usr/games:/usr/local/games]

**** Build Finished ****

**** Build of configuration Default for project OpenCV Tutorial 2 - Mixed Processing ****

/ndk-build.cmd 

Cannot run program "/ndk-build.cmd": Unknown reason
Error: Program "/ndk-build.cmd" is not found in PATH

PATH=[/usr/local/sbin:/usr/local/bin:/usr/sbin:/usr/bin:/sbin:/bin:/usr/games:/usr/local/games]

**** Build Finished ****

**** Build of configuration Default for project OpenCV Sample - face-detection ****

/ndk-build.cmd 

Cannot run program "/ndk-build.cmd": Unknown reason
Error: Program "/ndk-build.cmd" is not found in PATH

PATH=[/usr/local/sbin:/usr/local/bin:/usr/sbin:/usr/bin:/sbin:/bin:/usr/games:/usr/local/games]

**** Build Finished ****

**** Build of configuration Default for project OpenCV Sample - native-activity ****

/ndk-build.cmd 

Cannot run program "/ndk-build.cmd": Unknown reason
Error: Program "/ndk-build.cmd" is not found in PATH

PATH=[/usr/local/sbin:/usr/local/bin:/usr/sbin:/usr/bin:/sbin:/bin:/usr/games:/usr/local/games]

**** Build Finished ****

**** Build of configuration Default for project OpenCV Tutorial 2 - Mixed Processing ****

/ndk-build.cmd 

Cannot run program "/ndk-build.cmd": Unknown reason
Error: Program "/ndk-build.cmd" is not found in PATH

PATH=[/usr/local/sbin:/usr/local/bin:/usr/sbin:/usr/bin:/sbin:/bin:/usr/games:/usr/local/games]

**** Build Finished ****

**** Build of configuration Default for project OpenCV Sample - native-activity ****

/ndk-build.cmd 

Cannot run program "/ndk-build.cmd": Unknown reason
Error: Program "/ndk-build.cmd" is not found in PATH

PATH=[/usr/local/sbin:/usr/local/bin:/usr/sbin:/usr/bin:/sbin:/bin:/usr/games:/usr/local/games]

**** Build Finished ****

**** Build of configuration Default for project OpenCV Sample - face-detection ****

/ndk-build.cmd 

Cannot run program "/ndk-build.cmd": Unknown reason
Error: Program "/ndk-build.cmd" is not found in PATH

PATH=[/usr/local/sbin:/usr/local/bin:/usr/sbin:/usr/bin:/sbin:/bin:/usr/games:/usr/local/games]

**** Build Finished ****

**** Build of configuration Default for project OpenCV Tutorial 2 - Mixed Processing ****

/ndk-build.cmd 

Cannot run program "/ndk-build.cmd": Unknown reason
Error: Program "/ndk-build.cmd" is not found in PATH

PATH=[/usr/local/sbin:/usr/local/bin:/usr/sbin:/usr/bin:/sbin:/bin:/usr/games:/usr/local/games]

**** Build Finished ****

**** Build of configuration Default for project OpenCV Sample - face-detection ****

/ndk-build.cmd 

Cannot run program "/ndk-build.cmd": Unknown reason
Error: Program "/ndk-build.cmd" is not found in PATH

PATH=[/usr/local/sbin:/usr/local/bin:/usr/sbin:/usr/bin:/sbin:/bin:/usr/games:/usr/local/games]

**** Build Finished ****

**** Build of configuration Default for project OpenCV Sample - native-activity ****

/ndk-build.cmd 

Cannot run program "/ndk-build.cmd": Unknown reason
Error: Program "/ndk-build.cmd" is not found in PATH

PATH=[/usr/local/sbin:/usr/local/bin:/usr/sbin:/usr/bin:/sbin:/bin:/usr/games:/usr/local/games]

**** Build Finished ****

**** Build of configuration Default for project OpenCV Tutorial 2 - Mixed Processing ****

/ndk-build.cmd 

Cannot run program "/ndk-build.cmd": Unknown reason
Error: Program "/ndk-build.cmd" is not found in PATH

PATH=[/usr/local/sbin:/usr/local/bin:/usr/sbin:/usr/bin:/sbin:/bin:/usr/games:/usr/local/games]

**** Build Finished ****

**** Build of configuration Default for project OpenCV Sample - face-detection ****

/ndk-build.cmd 

Cannot run program "/ndk-build.cmd": Unknown reason
Error: Program "/ndk-build.cmd" is not found in PATH

PATH=[/usr/local/sbin:/usr/local/bin:/usr/sbin:/usr/bin:/sbin:/bin:/usr/games:/usr/local/games]

**** Build Finished ****

**** Build of configuration Default for project OpenCV Sample - native-activity ****

/ndk-build.cmd 

Cannot run program "/ndk-build.cmd": Unknown reason
Error: Program "/ndk-build.cmd" is not found in PATH

PATH=[/usr/local/sbin:/usr/local/bin:/usr/sbin:/usr/bin:/sbin:/bin:/usr/games:/usr/local/games]

**** Build Finished ****

**** Build of configuration Default for project OpenCV Tutorial 2 - Mixed Processing ****

/ndk-build.cmd 

Cannot run program "/ndk-build.cmd": Unknown reason
Error: Program "/ndk-build.cmd" is not found in PATH

PATH=[/usr/local/sbin:/usr/local/bin:/usr/sbin:/usr/bin:/sbin:/bin:/usr/games:/usr/local/games]

**** Build Finished ****

**** Build of configuration Default for project OpenCV Sample - face-detection ****

/ndk-build 

Cannot run program "/ndk-build": Unknown reason
Error: Program "/ndk-build" is not found in PATH

PATH=[/usr/local/sbin:/usr/local/bin:/usr/sbin:/usr/bin:/sbin:/bin:/usr/games:/usr/local/games]

**** Build Finished ****

**** Build of configuration Default for project OpenCV Sample - face-detection ****

/ndk-build 

Cannot run program "/ndk-build": Unknown reason
Error: Program "/ndk-build" is not found in PATH

PATH=[/usr/local/sbin:/usr/local/bin:/usr/sbin:/usr/bin:/sbin:/bin:/usr/games:/usr/local/games]

**** Build Finished ****

**** Build of configuration Default for project OpenCV Sample - face-detection ****

/ndk-build 

Cannot run program "/ndk-build": Unknown reason
Error: Program "/ndk-build" is not found in PATH

PATH=[/usr/local/sbin:/usr/local/bin:/usr/sbin:/usr/bin:/sbin:/bin:/usr/games:/usr/local/games]

**** Build Finished ****

**** Build of configuration Default for project OpenCV Sample - native-activity ****

/ndk-build.cmd 

Cannot run program "/ndk-build.cmd": Unknown reason
Error: Program "/ndk-build.cmd" is not found in PATH

PATH=[/usr/local/sbin:/usr/local/bin:/usr/sbin:/usr/bin:/sbin:/bin:/usr/games:/usr/local/games]

**** Build Finished ****

**** Build of configuration Default for project OpenCV Tutorial 2 - Mixed Processing ****

/ndk-build.cmd 

Cannot run program "/ndk-build.cmd": Unknown reason
Error: Program "/ndk-build.cmd" is not found in PATH

PATH=[/usr/local/sbin:/usr/local/bin:/usr/sbin:/usr/bin:/sbin:/bin:/usr/games:/usr/local/games]

**** Build Finished ****

**** Build of configuration Default for project OpenCV Sample - face-detection ****

/ndk-build 

Cannot run program "/ndk-build": Unknown reason
Error: Program "/ndk-build" is not found in PATH

PATH=[/usr/local/sbin:/usr/local/bin:/usr/sbin:/usr/bin:/sbin:/bin:/usr/games:/usr/local/games]

**** Build Finished ****

**** Build of configuration Default for project OpenCV Sample - native-activity ****

/ndk-build.cmd 

Cannot run program "/ndk-build.cmd": Unknown reason
Error: Program "/ndk-build.cmd" is not found in PATH

PATH=[/usr/local/sbin:/usr/local/bin:/usr/sbin:/usr/bin:/sbin:/bin:/usr/games:/usr/local/games]

**** Build Finished ****

**** Build of configuration Default for project OpenCV Tutorial 2 - Mixed Processing ****

/ndk-build.cmd 

Cannot run program "/ndk-build.cmd": Unknown reason
Error: Program "/ndk-build.cmd" is not found in PATH

PATH=[/usr/local/sbin:/usr/local/bin:/usr/sbin:/usr/bin:/sbin:/bin:/usr/games:/usr/local/games]

**** Build Finished ****

**** Build of configuration Default for project OpenCV Sample - face-detection ****

/ndk-build 

Cannot run program "/ndk-build": Unknown reason
Error: Program "/ndk-build" is not found in PATH

PATH=[/usr/local/sbin:/usr/local/bin:/usr/sbin:/usr/bin:/sbin:/bin:/usr/games:/usr/local/games]

**** Build Finished ****

**** Build of configuration Default for project OpenCV Sample - native-activity ****

/ndk-build.cmd 

Cannot run program "/ndk-build.cmd": Unknown reason
Error: Program "/ndk-build.cmd" is not found in PATH

PATH=[/usr/local/sbin:/usr/local/bin:/usr/sbin:/usr/bin:/sbin:/bin:/usr/games:/usr/local/games]

**** Build Finished ****

**** Build of configuration Default for project OpenCV Tutorial 2 - Mixed Processing ****

/ndk-build.cmd 

Cannot run program "/ndk-build.cmd": Unknown reason
Error: Program "/ndk-build.cmd" is not found in PATH

PATH=[/usr/local/sbin:/usr/local/bin:/usr/sbin:/usr/bin:/sbin:/bin:/usr/games:/usr/local/games]

**** Build Finished ****
11:41:22 **** Build of configuration Default for project OpenCV Sample - native-activity ****
/ndk-build.cmd 
Cannot run program "/ndk-build.cmd": Unknown reason

Error: Program "/ndk-build.cmd" not found in PATH
PATH=[/usr/local/sbin:/usr/local/bin:/usr/sbin:/usr/bin:/sbin:/bin:/usr/games:/usr/local/games]
11:41:25 **** Build of configuration Default for project OpenCV Sample - face-detection ****
/ndk-build 
Cannot run program "/ndk-build": Unknown reason

Error: Program "/ndk-build" not found in PATH
PATH=[/usr/local/sbin:/usr/local/bin:/usr/sbin:/usr/bin:/sbin:/bin:/usr/games:/usr/local/games]
11:41:25 **** Build of configuration Default for project OpenCV Tutorial 2 - Mixed Processing ****
/ndk-build.cmd 
Cannot run program "/ndk-build.cmd": Unknown reason

Error: Program "/ndk-build.cmd" not found in PATH
PATH=[/usr/local/sbin:/usr/local/bin:/usr/sbin:/usr/bin:/sbin:/bin:/usr/games:/usr/local/games]
11:41:42 **** Auto Build of configuration Default for project OpenCV Sample - face-detection ****
/ndk-build 
Cannot run program "/ndk-build": Unknown reason

Error: Program "/ndk-build" not found in PATH
PATH=[/usr/local/sbin:/usr/local/bin:/usr/sbin:/usr/bin:/sbin:/bin:/usr/games:/usr/local/games]
11:41:43 **** Auto Build of configuration Default for project OpenCV Sample - native-activity ****
/ndk-build.cmd 
Cannot run program "/ndk-build.cmd": Unknown reason

Error: Program "/ndk-build.cmd" not found in PATH
PATH=[/usr/local/sbin:/usr/local/bin:/usr/sbin:/usr/bin:/sbin:/bin:/usr/games:/usr/local/games]
11:41:43 **** Auto Build of configuration Default for project OpenCV Tutorial 2 - Mixed Processing ****
/ndk-build.cmd 
Cannot run program "/ndk-build.cmd": Unknown reason

Error: Program "/ndk-build.cmd" not found in PATH
PATH=[/usr/local/sbin:/usr/local/bin:/usr/sbin:/usr/bin:/sbin:/bin:/usr/games:/usr/local/games]
11:41:47 **** Auto Build of configuration Default for project OpenCV Sample - face-detection ****
/ndk-build 
Cannot run program "/ndk-build": Unknown reason

Error: Program "/ndk-build" not found in PATH
PATH=[/usr/local/sbin:/usr/local/bin:/usr/sbin:/usr/bin:/sbin:/bin:/usr/games:/usr/local/games]
11:41:47 **** Auto Build of configuration Default for project OpenCV Sample - native-activity ****
/ndk-build.cmd 
Cannot run program "/ndk-build.cmd": Unknown reason

Error: Program "/ndk-build.cmd" not found in PATH
PATH=[/usr/local/sbin:/usr/local/bin:/usr/sbin:/usr/bin:/sbin:/bin:/usr/games:/usr/local/games]
11:41:47 **** Auto Build of configuration Default for project OpenCV Tutorial 2 - Mixed Processing ****
/ndk-build.cmd 
Cannot run program "/ndk-build.cmd": Unknown reason

Error: Program "/ndk-build.cmd" not found in PATH
PATH=[/usr/local/sbin:/usr/local/bin:/usr/sbin:/usr/bin:/sbin:/bin:/usr/games:/usr/local/games]
11:43:22 **** Auto Build of configuration Default for project OpenCV Sample - face-detection ****
/ndk-build 
Cannot run program "/ndk-build": Unknown reason

Error: Program "/ndk-build" not found in PATH
PATH=[/usr/local/sbin:/usr/local/bin:/usr/sbin:/usr/bin:/sbin:/bin:/usr/games:/usr/local/games]
11:43:22 **** Auto Build of configuration Default for project OpenCV Sample - native-activity ****
/ndk-build.cmd 
Cannot run program "/ndk-build.cmd": Unknown reason

Error: Program "/ndk-build.cmd" not found in PATH
PATH=[/usr/local/sbin:/usr/local/bin:/usr/sbin:/usr/bin:/sbin:/bin:/usr/games:/usr/local/games]
11:43:23 **** Auto Build of configuration Default for project OpenCV Tutorial 2 - Mixed Processing ****
/ndk-build.cmd 
Cannot run program "/ndk-build.cmd": Unknown reason

Error: Program "/ndk-build.cmd" not found in PATH
PATH=[/usr/local/sbin:/usr/local/bin:/usr/sbin:/usr/bin:/sbin:/bin:/usr/games:/usr/local/games]
11:46:38 **** Build of configuration Default for project OpenCV Sample - face-detection ****
/ndk-build 
Cannot run program "/ndk-build": Unknown reason

Error: Program "/ndk-build" not found in PATH
PATH=[/usr/local/sbin:/usr/local/bin:/usr/sbin:/usr/bin:/sbin:/bin:/usr/games:/usr/local/games]
11:46:38 **** Build of configuration Default for project OpenCV Sample - native-activity ****
/ndk-build.cmd 
Cannot run program "/ndk-build.cmd": Unknown reason

Error: Program "/ndk-build.cmd" not found in PATH
PATH=[/usr/local/sbin:/usr/local/bin:/usr/sbin:/usr/bin:/sbin:/bin:/usr/games:/usr/local/games]
11:46:39 **** Build of configuration Default for project OpenCV Tutorial 2 - Mixed Processing ****
/ndk-build.cmd 
Cannot run program "/ndk-build.cmd": Unknown reason

Error: Program "/ndk-build.cmd" not found in PATH
PATH=[/usr/local/sbin:/usr/local/bin:/usr/sbin:/usr/bin:/sbin:/bin:/usr/games:/usr/local/games]
11:46:42 **** Auto Build of configuration Default for project OpenCV Sample - face-detection ****
/ndk-build 
Cannot run program "/ndk-build": Unknown reason

Error: Program "/ndk-build" not found in PATH
PATH=[/usr/local/sbin:/usr/local/bin:/usr/sbin:/usr/bin:/sbin:/bin:/usr/games:/usr/local/games]
11:46:42 **** Auto Build of configuration Default for project OpenCV Sample - native-activity ****
/ndk-build.cmd 
Cannot run program "/ndk-build.cmd": Unknown reason

Error: Program "/ndk-build.cmd" not found in PATH
PATH=[/usr/local/sbin:/usr/local/bin:/usr/sbin:/usr/bin:/sbin:/bin:/usr/games:/usr/local/games]
11:46:42 **** Auto Build of configuration Default for project OpenCV Tutorial 2 - Mixed Processing ****
/ndk-build.cmd 
Cannot run program "/ndk-build.cmd": Unknown reason

Error: Program "/ndk-build.cmd" not found in PATH
PATH=[/usr/local/sbin:/usr/local/bin:/usr/sbin:/usr/bin:/sbin:/bin:/usr/games:/usr/local/games]
11:46:44 **** Auto Build of configuration Default for project OpenCV Sample - face-detection ****
/ndk-build 
Cannot run program "/ndk-build": Unknown reason

Error: Program "/ndk-build" not found in PATH
PATH=[/usr/local/sbin:/usr/local/bin:/usr/sbin:/usr/bin:/sbin:/bin:/usr/games:/usr/local/games]
11:46:44 **** Auto Build of configuration Default for project OpenCV Sample - native-activity ****
/ndk-build.cmd 
Cannot run program "/ndk-build.cmd": Unknown reason

Error: Program "/ndk-build.cmd" not found in PATH
PATH=[/usr/local/sbin:/usr/local/bin:/usr/sbin:/usr/bin:/sbin:/bin:/usr/games:/usr/local/games]
11:46:44 **** Auto Build of configuration Default for project OpenCV Tutorial 2 - Mixed Processing ****
/ndk-build.cmd 
Cannot run program "/ndk-build.cmd": Unknown reason

Error: Program "/ndk-build.cmd" not found in PATH
PATH=[/usr/local/sbin:/usr/local/bin:/usr/sbin:/usr/bin:/sbin:/bin:/usr/games:/usr/local/games]
12:48:02 **** Auto Build of configuration Default for project OpenCV Sample - face-detection ****
home/sai/Tools/android-ndk-r9d/ndk-build.cmd 
Cannot run program "home/sai/Tools/android-ndk-r9d/ndk-build.cmd": Unknown reason

Error: Program "home/sai/Tools/android-ndk-r9d/ndk-build.cmd" not found in PATH
PATH=[/usr/local/sbin:/usr/local/bin:/usr/sbin:/usr/bin:/sbin:/bin:/usr/games:/usr/local/games]
12:48:04 **** Auto Build of configuration Default for project OpenCV Sample - native-activity ****
home/sai/Tools/android-ndk-r9d/ndk-build 
Cannot run program "home/sai/Tools/android-ndk-r9d/ndk-build": Unknown reason

Error: Program "home/sai/Tools/android-ndk-r9d/ndk-build" not found in PATH
PATH=[/usr/local/sbin:/usr/local/bin:/usr/sbin:/usr/bin:/sbin:/bin:/usr/games:/usr/local/games]
12:48:05 **** Auto Build of configuration Default for project OpenCV Tutorial 2 - Mixed Processing ****
home/sai/Tools/android-ndk-r9d/ndk-build.cmd 
Cannot run program "home/sai/Tools/android-ndk-r9d/ndk-build.cmd": Unknown reason

Error: Program "home/sai/Tools/android-ndk-r9d/ndk-build.cmd" not found in PATH
PATH=[/usr/local/sbin:/usr/local/bin:/usr/sbin:/usr/bin:/sbin:/bin:/usr/games:/usr/local/games]
12:48:06 **** Auto Build of configuration Default for project OpenCV Sample - face-detection ****
home/sai/Tools/android-ndk-r9d/ndk-build.cmd 
Cannot run program "home/sai/Tools/android-ndk-r9d/ndk-build.cmd": Unknown reason

Error: Program "home/sai/Tools/android-ndk-r9d/ndk-build.cmd" not found in PATH
PATH=[/usr/local/sbin:/usr/local/bin:/usr/sbin:/usr/bin:/sbin:/bin:/usr/games:/usr/local/games]
12:48:06 **** Auto Build of configuration Default for project OpenCV Sample - native-activity ****
home/sai/Tools/android-ndk-r9d/ndk-build 
Cannot run program "home/sai/Tools/android-ndk-r9d/ndk-build": Unknown reason

Error: Program "home/sai/Tools/android-ndk-r9d/ndk-build" not found in PATH
PATH=[/usr/local/sbin:/usr/local/bin:/usr/sbin:/usr/bin:/sbin:/bin:/usr/games:/usr/local/games]
12:48:06 **** Auto Build of configuration Default for project OpenCV Tutorial 2 - Mixed Processing ****
home/sai/Tools/android-ndk-r9d/ndk-build.cmd 
Cannot run program "home/sai/Tools/android-ndk-r9d/ndk-build.cmd": Unknown reason

Error: Program "home/sai/Tools/android-ndk-r9d/ndk-build.cmd" not found in PATH
PATH=[/usr/local/sbin:/usr/local/bin:/usr/sbin:/usr/bin:/sbin:/bin:/usr/games:/usr/local/games]
12:48:50 **** Build of configuration Default for project OpenCV Sample - native-activity ****
home/sai/Tools/android-ndk-r9d/ndk-build 
Cannot run program "home/sai/Tools/android-ndk-r9d/ndk-build": Unknown reason

Error: Program "home/sai/Tools/android-ndk-r9d/ndk-build" not found in PATH
PATH=[/usr/local/sbin:/usr/local/bin:/usr/sbin:/usr/bin:/sbin:/bin:/usr/games:/usr/local/games]
12:48:51 **** Build of configuration Default for project OpenCV Sample - face-detection ****
home/sai/Tools/android-ndk-r9d/ndk-build.cmd 
Cannot run program "home/sai/Tools/android-ndk-r9d/ndk-build.cmd": Unknown reason

Error: Program "home/sai/Tools/android-ndk-r9d/ndk-build.cmd" not found in PATH
PATH=[/usr/local/sbin:/usr/local/bin:/usr/sbin:/usr/bin:/sbin:/bin:/usr/games:/usr/local/games]
12:48:51 **** Build of configuration Default for project OpenCV Tutorial 2 - Mixed Processing ****
home/sai/Tools/android-ndk-r9d/ndk-build.cmd 
Cannot run program "home/sai/Tools/android-ndk-r9d/ndk-build.cmd": Unknown reason

Error: Program "home/sai/Tools/android-ndk-r9d/ndk-build.cmd" not found in PATH
PATH=[/usr/local/sbin:/usr/local/bin:/usr/sbin:/usr/bin:/sbin:/bin:/usr/games:/usr/local/games]
12:49:01 **** Auto Build of configuration Default for project OpenCV Sample - face-detection ****
home/sai/Tools/android-ndk-r9d/ndk-build.cmd 
Cannot run program "home/sai/Tools/android-ndk-r9d/ndk-build.cmd": Unknown reason

Error: Program "home/sai/Tools/android-ndk-r9d/ndk-build.cmd" not found in PATH
PATH=[/usr/local/sbin:/usr/local/bin:/usr/sbin:/usr/bin:/sbin:/bin:/usr/games:/usr/local/games]
12:49:02 **** Auto Build of configuration Default for project OpenCV Sample - native-activity ****
home/sai/Tools/android-ndk-r9d/ndk-build 
Cannot run program "home/sai/Tools/android-ndk-r9d/ndk-build": Unknown reason

Error: Program "home/sai/Tools/android-ndk-r9d/ndk-build" not found in PATH
PATH=[/usr/local/sbin:/usr/local/bin:/usr/sbin:/usr/bin:/sbin:/bin:/usr/games:/usr/local/games]
12:49:02 **** Auto Build of configuration Default for project OpenCV Tutorial 2 - Mixed Processing ****
home/sai/Tools/android-ndk-r9d/ndk-build.cmd 
Cannot run program "home/sai/Tools/android-ndk-r9d/ndk-build.cmd": Unknown reason

Error: Program "home/sai/Tools/android-ndk-r9d/ndk-build.cmd" not found in PATH
PATH=[/usr/local/sbin:/usr/local/bin:/usr/sbin:/usr/bin:/sbin:/bin:/usr/games:/usr/local/games]
12:49:06 **** Auto Build of configuration Default for project OpenCV Sample - face-detection ****
home/sai/Tools/android-ndk-r9d/ndk-build.cmd 
Cannot run program "home/sai/Tools/android-ndk-r9d/ndk-build.cmd": Unknown reason

Error: Program "home/sai/Tools/android-ndk-r9d/ndk-build.cmd" not found in PATH
PATH=[/usr/local/sbin:/usr/local/bin:/usr/sbin:/usr/bin:/sbin:/bin:/usr/games:/usr/local/games]
12:49:06 **** Auto Build of configuration Default for project OpenCV Sample - native-activity ****
home/sai/Tools/android-ndk-r9d/ndk-build 
Cannot run program "home/sai/Tools/android-ndk-r9d/ndk-build": Unknown reason

Error: Program "home/sai/Tools/android-ndk-r9d/ndk-build" not found in PATH
PATH=[/usr/local/sbin:/usr/local/bin:/usr/sbin:/usr/bin:/sbin:/bin:/usr/games:/usr/local/games]
12:49:06 **** Auto Build of configuration Default for project OpenCV Tutorial 2 - Mixed Processing ****
home/sai/Tools/android-ndk-r9d/ndk-build.cmd 
Cannot run program "home/sai/Tools/android-ndk-r9d/ndk-build.cmd": Unknown reason

Error: Program "home/sai/Tools/android-ndk-r9d/ndk-build.cmd" not found in PATH
PATH=[/usr/local/sbin:/usr/local/bin:/usr/sbin:/usr/bin:/sbin:/bin:/usr/games:/usr/local/games]
12:49:09 **** Auto Build of configuration Default for project OpenCV Sample - face-detection ****
home/sai/Tools/android-ndk-r9d/ndk-build.cmd 
Cannot run program "home/sai/Tools/android-ndk-r9d/ndk-build.cmd": Unknown reason

Error: Program "home/sai/Tools/android-ndk-r9d/ndk-build.cmd" not found in PATH
PATH=[/usr/local/sbin:/usr/local/bin:/usr/sbin:/usr/bin:/sbin:/bin:/usr/games:/usr/local/games]
12:49:09 **** Auto Build of configuration Default for project OpenCV Sample - native-activity ****
home/sai/Tools/android-ndk-r9d/ndk-build 
Cannot run program "home/sai/Tools/android-ndk-r9d/ndk-build": Unknown reason

Error: Program "home/sai/Tools/android-ndk-r9d/ndk-build" not found in PATH
PATH=[/usr/local/sbin:/usr/local/bin:/usr/sbin:/usr/bin:/sbin:/bin:/usr/games:/usr/local/games]
12:49:09 **** Auto Build of configuration Default for project OpenCV Tutorial 2 - Mixed Processing ****
home/sai/Tools/android-ndk-r9d/ndk-build.cmd 
Cannot run program "home/sai/Tools/android-ndk-r9d/ndk-build.cmd": Unknown reason

Error: Program "home/sai/Tools/android-ndk-r9d/ndk-build.cmd" not found in PATH
PATH=[/usr/local/sbin:/usr/local/bin:/usr/sbin:/usr/bin:/sbin:/bin:/usr/games:/usr/local/games]
21:48:07 **** Build of configuration Default for project OpenCV Sample - face-detection ****
home/sai/Tools/android-ndk-r9d/ndk-build.cmd 
Cannot run program "home/sai/Tools/android-ndk-r9d/ndk-build.cmd": Unknown reason

Error: Program "home/sai/Tools/android-ndk-r9d/ndk-build.cmd" not found in PATH
PATH=[/usr/local/sbin:/usr/local/bin:/usr/sbin:/usr/bin:/sbin:/bin:/usr/games:/usr/local/games]
21:48:07 **** Auto Build of configuration Default for project OpenCV Sample - face-detection ****
home/sai/Tools/android-ndk-r9d/ndk-build.cmd 
Cannot run program "home/sai/Tools/android-ndk-r9d/ndk-build.cmd": Unknown reason

Error: Program "home/sai/Tools/android-ndk-r9d/ndk-build.cmd" not found in PATH
PATH=[/usr/local/sbin:/usr/local/bin:/usr/sbin:/usr/bin:/sbin:/bin:/usr/games:/usr/local/games]
21:48:07 **** Auto Build of configuration Default for project OpenCV Sample - face-detection ****
home/sai/Tools/android-ndk-r9d/ndk-build.cmd 
Cannot run program "home/sai/Tools/android-ndk-r9d/ndk-build.cmd": Unknown reason

Error: Program "home/sai/Tools/android-ndk-r9d/ndk-build.cmd" not found in PATH
PATH=[/usr/local/sbin:/usr/local/bin:/usr/sbin:/usr/bin:/sbin:/bin:/usr/games:/usr/local/games]
21:48:08 **** Build of configuration Default for project OpenCV Sample - native-activity ****
home/sai/Tools/android-ndk-r9d/ndk-build.cmd 
Cannot run program "home/sai/Tools/android-ndk-r9d/ndk-build.cmd": Unknown reason

Error: Program "home/sai/Tools/android-ndk-r9d/ndk-build.cmd" not found in PATH
PATH=[/usr/local/sbin:/usr/local/bin:/usr/sbin:/usr/bin:/sbin:/bin:/usr/games:/usr/local/games]
21:48:08 **** Auto Build of configuration Default for project OpenCV Sample - face-detection ****
home/sai/Tools/android-ndk-r9d/ndk-build.cmd 
Cannot run program "home/sai/Tools/android-ndk-r9d/ndk-build.cmd": Unknown reason

Error: Program "home/sai/Tools/android-ndk-r9d/ndk-build.cmd" not found in PATH
PATH=[/usr/local/sbin:/usr/local/bin:/usr/sbin:/usr/bin:/sbin:/bin:/usr/games:/usr/local/games]
21:48:08 **** Auto Build of configuration Default for project OpenCV Sample - native-activity ****
home/sai/Tools/android-ndk-r9d/ndk-build.cmd 
Cannot run program "home/sai/Tools/android-ndk-r9d/ndk-build.cmd": Unknown reason

Error: Program "home/sai/Tools/android-ndk-r9d/ndk-build.cmd" not found in PATH
PATH=[/usr/local/sbin:/usr/local/bin:/usr/sbin:/usr/bin:/sbin:/bin:/usr/games:/usr/local/games]
21:48:08 **** Auto Build of configuration Default for project OpenCV Sample - native-activity ****
home/sai/Tools/android-ndk-r9d/ndk-build.cmd 
Cannot run program "home/sai/Tools/android-ndk-r9d/ndk-build.cmd": Unknown reason

Error: Program "home/sai/Tools/android-ndk-r9d/ndk-build.cmd" not found in PATH
PATH=[/usr/local/sbin:/usr/local/bin:/usr/sbin:/usr/bin:/sbin:/bin:/usr/games:/usr/local/games]
21:48:08 **** Build of configuration Default for project OpenCV Tutorial 2 - Mixed Processing ****
home/sai/Tools/android-ndk-r9d/ndk-build.cmd 
Cannot run program "home/sai/Tools/android-ndk-r9d/ndk-build.cmd": Unknown reason

Error: Program "home/sai/Tools/android-ndk-r9d/ndk-build.cmd" not found in PATH
PATH=[/usr/local/sbin:/usr/local/bin:/usr/sbin:/usr/bin:/sbin:/bin:/usr/games:/usr/local/games]
21:48:09 **** Auto Build of configuration Default for project OpenCV Sample - native-activity ****
home/sai/Tools/android-ndk-r9d/ndk-build.cmd 
Cannot run program "home/sai/Tools/android-ndk-r9d/ndk-build.cmd": Unknown reason

Error: Program "home/sai/Tools/android-ndk-r9d/ndk-build.cmd" not found in PATH
PATH=[/usr/local/sbin:/usr/local/bin:/usr/sbin:/usr/bin:/sbin:/bin:/usr/games:/usr/local/games]
21:48:09 **** Auto Build of configuration Default for project OpenCV Tutorial 2 - Mixed Processing ****
home/sai/Tools/android-ndk-r9d/ndk-build.cmd 
Cannot run program "home/sai/Tools/android-ndk-r9d/ndk-build.cmd": Unknown reason

Error: Program "home/sai/Tools/android-ndk-r9d/ndk-build.cmd" not found in PATH
PATH=[/usr/local/sbin:/usr/local/bin:/usr/sbin:/usr/bin:/sbin:/bin:/usr/games:/usr/local/games]
21:48:09 **** Auto Build of configuration Default for project OpenCV Tutorial 2 - Mixed Processing ****
home/sai/Tools/android-ndk-r9d/ndk-build.cmd 
Cannot run program "home/sai/Tools/android-ndk-r9d/ndk-build.cmd": Unknown reason

Error: Program "home/sai/Tools/android-ndk-r9d/ndk-build.cmd" not found in PATH
PATH=[/usr/local/sbin:/usr/local/bin:/usr/sbin:/usr/bin:/sbin:/bin:/usr/games:/usr/local/games]
21:48:33 **** Auto Build of configuration Default for project OpenCV Tutorial 2 - Mixed Processing ****
home/sai/Tools/android-ndk-r9d/ndk-build.cmd 
Cannot run program "home/sai/Tools/android-ndk-r9d/ndk-build.cmd": Unknown reason

Error: Program "home/sai/Tools/android-ndk-r9d/ndk-build.cmd" not found in PATH
PATH=[/usr/local/sbin:/usr/local/bin:/usr/sbin:/usr/bin:/sbin:/bin:/usr/games:/usr/local/games]
21:50:56 **** Build of configuration Default for project OpenCV Sample - face-detection ****
home/sai/Tools/android-ndk-r9d/ndk-build.cmd 
Cannot run program "home/sai/Tools/android-ndk-r9d/ndk-build.cmd": Unknown reason

Error: Program "home/sai/Tools/android-ndk-r9d/ndk-build.cmd" not found in PATH
PATH=[/usr/local/sbin:/usr/local/bin:/usr/sbin:/usr/bin:/sbin:/bin:/usr/games:/usr/local/games]
21:50:56 **** Auto Build of configuration Default for project OpenCV Sample - face-detection ****
home/sai/Tools/android-ndk-r9d/ndk-build.cmd 
Cannot run program "home/sai/Tools/android-ndk-r9d/ndk-build.cmd": Unknown reason

Error: Program "home/sai/Tools/android-ndk-r9d/ndk-build.cmd" not found in PATH
PATH=[/usr/local/sbin:/usr/local/bin:/usr/sbin:/usr/bin:/sbin:/bin:/usr/games:/usr/local/games]
21:50:58 **** Auto Build of configuration Default for project OpenCV Sample - face-detection ****
home/sai/Tools/android-ndk-r9d/ndk-build.cmd 
Cannot run program "home/sai/Tools/android-ndk-r9d/ndk-build.cmd": Unknown reason

Error: Program "home/sai/Tools/android-ndk-r9d/ndk-build.cmd" not found in PATH
PATH=[/usr/local/sbin:/usr/local/bin:/usr/sbin:/usr/bin:/sbin:/bin:/usr/games:/usr/local/games]
21:52:13 **** Build of configuration Default for project OpenCV Sample - face-detection ****
home/sai/Tools/android-ndk-r9d/ndk-build.cmd 
Cannot run program "home/sai/Tools/android-ndk-r9d/ndk-build.cmd": Unknown reason

Error: Program "home/sai/Tools/android-ndk-r9d/ndk-build.cmd" not found in PATH
PATH=[/usr/local/sbin:/usr/local/bin:/usr/sbin:/usr/bin:/sbin:/bin:/usr/games:/usr/local/games]
21:52:15 **** Auto Build of configuration Default for project OpenCV Sample - face-detection ****
home/sai/Tools/android-ndk-r9d/ndk-build.cmd 
Cannot run program "home/sai/Tools/android-ndk-r9d/ndk-build.cmd": Unknown reason

Error: Program "home/sai/Tools/android-ndk-r9d/ndk-build.cmd" not found in PATH
PATH=[/usr/local/sbin:/usr/local/bin:/usr/sbin:/usr/bin:/sbin:/bin:/usr/games:/usr/local/games]
21:52:22 **** Auto Build of configuration Default for project OpenCV Sample - face-detection ****
home/sai/Tools/android-ndk-r9d/ndk-build.cmd 
Cannot run program "home/sai/Tools/android-ndk-r9d/ndk-build.cmd": Unknown reason

Error: Program "home/sai/Tools/android-ndk-r9d/ndk-build.cmd" not found in PATH
PATH=[/usr/local/sbin:/usr/local/bin:/usr/sbin:/usr/bin:/sbin:/bin:/usr/games:/usr/local/games]
21:53:01 **** Auto Build of configuration Default for project OpenCV Sample - face-detection ****
home/sai/Tools/android-ndk-r9d/ndk-build.cmd 
Cannot run program "home/sai/Tools/android-ndk-r9d/ndk-build.cmd": Unknown reason

Error: Program "home/sai/Tools/android-ndk-r9d/ndk-build.cmd" not found in PATH
PATH=[/usr/local/sbin:/usr/local/bin:/usr/sbin:/usr/bin:/sbin:/bin:/usr/games:/usr/local/games]
